# JRE version: Java(TM) SE Runtime Environment 18.9 (11.0.12+8) (build 11.0.12+8-LTS-237)
# Java VM: Java HotSpot(TM) 64-Bit Server VM 18.9 (11.0.12+8-LTS-237, mixed mode, tiered, compressed oops, g1 gc, windows-amd64)
Heap:
 garbage-first heap   total 262144K, used 7805K [0x0000000701000000, 0x0000000800000000)
  region size 1024K, 5 young (5120K), 3 survivors (3072K)
 Metaspace       used 29918K, capacity 30467K, committed 30716K, reserved 1077248K
  class space    used 3258K, capacity 3508K, committed 3580K, reserved 1048576K
GC Heap History (6 events):
Event: 2.316 GC heap before
{Heap before GC invocations=0 (full 0):
 garbage-first heap   total 262144K, used 13312K [0x0000000701000000, 0x0000000800000000)
  region size 1024K, 15 young (15360K), 0 survivors (0K)
 Metaspace       used 20729K, capacity 21185K, committed 21248K, reserved 1069056K
  class space    used 2334K, capacity 2553K, committed 2560K, reserved 1048576K
}
Event: 2.322 GC heap after
{Heap after GC invocations=1 (full 0):
 garbage-first heap   total 262144K, used 4385K [0x0000000701000000, 0x0000000800000000)
  region size 1024K, 3 young (3072K), 3 survivors (3072K)
 Metaspace       used 20729K, capacity 21185K, committed 21248K, reserved 1069056K
  class space    used 2334K, capacity 2553K, committed 2560K, reserved 1048576K
}
Event: 2.934 GC heap before
{Heap before GC invocations=2 (full 0):
 garbage-first heap   total 262144K, used 13601K [0x0000000701000000, 0x0000000800000000)
  region size 1024K, 12 young (12288K), 3 survivors (3072K)
 Metaspace       used 23641K, capacity 24214K, committed 24444K, reserved 1071104K
  class space    used 2627K, capacity 2854K, committed 2940K, reserved 1048576K
}
Event: 2.939 GC heap after
{Heap after GC invocations=3 (full 0):
 garbage-first heap   total 262144K, used 5916K [0x0000000701000000, 0x0000000800000000)
  region size 1024K, 2 young (2048K), 2 survivors (2048K)
 Metaspace       used 23641K, capacity 24214K, committed 24444K, reserved 1071104K
  class space    used 2627K, capacity 2854K, committed 2940K, reserved 1048576K
}
Event: 30.548 GC heap before
{Heap before GC invocations=3 (full 0):
 garbage-first heap   total 262144K, used 48924K [0x0000000701000000, 0x0000000800000000)
  region size 1024K, 44 young (45056K), 2 survivors (2048K)
 Metaspace       used 29914K, capacity 30467K, committed 30716K, reserved 1077248K
  class space    used 3258K, capacity 3508K, committed 3580K, reserved 1048576K
}
Event: 30.557 GC heap after
{Heap after GC invocations=4 (full 0):
 garbage-first heap   total 262144K, used 6781K [0x0000000701000000, 0x0000000800000000)
  region size 1024K, 3 young (3072K), 3 survivors (3072K)
 Metaspace       used 29914K, capacity 30467K, committed 30716K, reserved 1077248K
  class space    used 3258K, capacity 3508K, committed 3580K, reserved 1048576K
}

